<?xml version="1.0" encoding="UTF-8"?>
<testsuite name="com.example.TeaShop2.domain.entitys.order.unit.OrderControllerUnitTests" tests="4" skipped="0" failures="0" errors="0" timestamp="2022-11-01T12:38:31" hostname="LAPTOP-1FULM01B" time="0.277">
  <properties/>
  <testcase name="deleteById_requestOrderById_expectdeletedOrder()" classname="com.example.TeaShop2.domain.entitys.order.unit.OrderControllerUnitTests" time="0.062"/>
  <testcase name="create_requestOrderDTOToBeCreated_expectCreatedOrderAsDTO()" classname="com.example.TeaShop2.domain.entitys.order.unit.OrderControllerUnitTests" time="0.136"/>
  <testcase name="updateOrder_requestOrderDTOToBeUpdated_expectUpdatedOrderDTO()" classname="com.example.TeaShop2.domain.entitys.order.unit.OrderControllerUnitTests" time="0.049"/>
  <testcase name="retrieveAll_requestAllOrders_expectAllOrdersAsDTOS()" classname="com.example.TeaShop2.domain.entitys.order.unit.OrderControllerUnitTests" time="0.022"/>
  <system-out><![CDATA[2022-11-01 13:38:28.531  INFO 13712 --- [    Test worker] .b.t.c.SpringBootTestContextBootstrapper : Neither @ContextConfiguration nor @ContextHierarchy found for test class [com.example.TeaShop2.domain.entitys.order.unit.OrderControllerUnitTests], using SpringBootContextLoader
2022-11-01 13:38:28.533  INFO 13712 --- [    Test worker] o.s.t.c.support.AbstractContextLoader    : Could not detect default resource locations for test class [com.example.TeaShop2.domain.entitys.order.unit.OrderControllerUnitTests]: no resource found for suffixes {-context.xml, Context.groovy}.
2022-11-01 13:38:28.534  INFO 13712 --- [    Test worker] t.c.s.AnnotationConfigContextLoaderUtils : Could not detect default configuration classes for test class [com.example.TeaShop2.domain.entitys.order.unit.OrderControllerUnitTests]: OrderControllerUnitTests does not declare any static, non-private, non-final, nested classes annotated with @Configuration.
2022-11-01 13:38:28.570  INFO 13712 --- [    Test worker] .b.t.c.SpringBootTestContextBootstrapper : Found @SpringBootConfiguration com.example.TeaShop2.TeaShop2Application for test class com.example.TeaShop2.domain.entitys.order.unit.OrderControllerUnitTests
2022-11-01 13:38:28.575  INFO 13712 --- [    Test worker] .b.t.c.SpringBootTestContextBootstrapper : Loaded default TestExecutionListener class names from location [META-INF/spring.factories]: [org.springframework.security.test.context.support.WithSecurityContextTestExecutionListener, org.springframework.security.test.context.support.ReactorContextTestExecutionListener, org.springframework.boot.test.autoconfigure.restdocs.RestDocsTestExecutionListener, org.springframework.boot.test.autoconfigure.web.client.MockRestServiceServerResetTestExecutionListener, org.springframework.boot.test.autoconfigure.web.servlet.MockMvcPrintOnlyOnFailureTestExecutionListener, org.springframework.boot.test.autoconfigure.web.servlet.WebDriverTestExecutionListener, org.springframework.boot.test.autoconfigure.webservices.client.MockWebServiceServerTestExecutionListener, org.springframework.boot.test.mock.mockito.MockitoTestExecutionListener, org.springframework.boot.test.mock.mockito.ResetMocksTestExecutionListener, org.springframework.test.context.web.ServletTestExecutionListener, org.springframework.test.context.support.DirtiesContextBeforeModesTestExecutionListener, org.springframework.test.context.event.ApplicationEventsTestExecutionListener, org.springframework.test.context.support.DependencyInjectionTestExecutionListener, org.springframework.test.context.support.DirtiesContextTestExecutionListener, org.springframework.test.context.transaction.TransactionalTestExecutionListener, org.springframework.test.context.jdbc.SqlScriptsTestExecutionListener, org.springframework.test.context.event.EventPublishingTestExecutionListener]
2022-11-01 13:38:28.577  INFO 13712 --- [    Test worker] .b.t.c.SpringBootTestContextBootstrapper : Using TestExecutionListeners: [org.springframework.test.context.web.ServletTestExecutionListener@6f3059ad, org.springframework.test.context.support.DirtiesContextBeforeModesTestExecutionListener@7c5024c1, org.springframework.test.context.event.ApplicationEventsTestExecutionListener@595be089, org.springframework.boot.test.mock.mockito.MockitoTestExecutionListener@5c4b230c, org.springframework.boot.test.autoconfigure.SpringBootDependencyInjectionTestExecutionListener@31dbe419, org.springframework.test.context.support.DirtiesContextTestExecutionListener@4cd0b8cf, org.springframework.test.context.transaction.TransactionalTestExecutionListener@4a094674, org.springframework.test.context.jdbc.SqlScriptsTestExecutionListener@4f5f4f7a, org.springframework.security.test.context.support.WithSecurityContextTestExecutionListener@214a81a4, org.springframework.test.context.event.EventPublishingTestExecutionListener@68955382, org.springframework.security.test.context.support.ReactorContextTestExecutionListener@682f9202, org.springframework.boot.test.autoconfigure.restdocs.RestDocsTestExecutionListener@5d3e24e2, org.springframework.boot.test.autoconfigure.web.client.MockRestServiceServerResetTestExecutionListener@280cc940, org.springframework.boot.test.autoconfigure.web.servlet.MockMvcPrintOnlyOnFailureTestExecutionListener@6a478680, org.springframework.boot.test.autoconfigure.web.servlet.WebDriverTestExecutionListener@7eecb648, org.springframework.boot.test.autoconfigure.webservices.client.MockWebServiceServerTestExecutionListener@52599443, org.springframework.boot.test.mock.mockito.ResetMocksTestExecutionListener@1c510181]

  .   ____          _            __ _ _
 /\\ / ___'_ __ _ _(_)_ __  __ _ \ \ \ \
( ( )\___ | '_ | '_| | '_ \/ _` | \ \ \ \
 \\/  ___)| |_)| | | | | || (_| |  ) ) ) )
  '  |____| .__|_| |_|_| |_\__, | / / / /
 =========|_|==============|___/=/_/_/_/
 :: Spring Boot ::                (v2.7.2)

2022-11-01 13:38:28.654  INFO 13712 --- [    Test worker] c.e.T.d.e.o.u.OrderControllerUnitTests   : Starting OrderControllerUnitTests using Java 18.0.2 on LAPTOP-1FULM01B with PID 13712 (started by 41774 in C:\Users\41774\Desktop\TeaShop2.0)
2022-11-01 13:38:28.654  INFO 13712 --- [    Test worker] c.e.T.d.e.o.u.OrderControllerUnitTests   : The following 1 profile is active: "test"
2022-11-01 13:38:29.152  INFO 13712 --- [    Test worker] .s.d.r.c.RepositoryConfigurationDelegate : Bootstrapping Spring Data JPA repositories in DEFAULT mode.
2022-11-01 13:38:29.312  INFO 13712 --- [    Test worker] .s.d.r.c.RepositoryConfigurationDelegate : Finished Spring Data repository scanning in 159 ms. Found 10 JPA repository interfaces.
2022-11-01 13:38:29.724  INFO 13712 --- [    Test worker] o.hibernate.jpa.internal.util.LogHelper  : HHH000204: Processing PersistenceUnitInfo [name: default]
2022-11-01 13:38:29.746  INFO 13712 --- [    Test worker] com.zaxxer.hikari.HikariDataSource       : HikariPool-5 - Starting...
2022-11-01 13:38:29.748  INFO 13712 --- [    Test worker] com.zaxxer.hikari.HikariDataSource       : HikariPool-5 - Start completed.
2022-11-01 13:38:29.748  INFO 13712 --- [    Test worker] org.hibernate.dialect.Dialect            : HHH000400: Using dialect: org.hibernate.dialect.H2Dialect
2022-11-01 13:38:30.032  INFO 13712 --- [    Test worker] o.h.e.t.j.p.i.JtaPlatformInitiator       : HHH000490: Using JtaPlatform implementation: [org.hibernate.engine.transaction.jta.platform.internal.NoJtaPlatform]
2022-11-01 13:38:30.033  INFO 13712 --- [    Test worker] j.LocalContainerEntityManagerFactoryBean : Initialized JPA EntityManagerFactory for persistence unit 'default'
2022-11-01 13:38:30.725  INFO 13712 --- [    Test worker] o.s.s.web.DefaultSecurityFilterChain     : Will secure any request with [org.springframework.security.web.session.DisableEncodeUrlFilter@74d3c448, org.springframework.security.web.context.request.async.WebAsyncManagerIntegrationFilter@1dc1f0a3, org.springframework.security.web.context.SecurityContextPersistenceFilter@398a363e, org.springframework.security.web.header.HeaderWriterFilter@752114f1, org.springframework.web.filter.CorsFilter@30f19549, org.springframework.security.web.authentication.logout.LogoutFilter@db52bc4, com.example.TeaShop2.core.security.CustomAuthenticationFilter@3507531f, com.example.TeaShop2.core.security.CustomAuthorizationFilter@5f9c3073, org.springframework.security.web.savedrequest.RequestCacheAwareFilter@60c2c015, org.springframework.security.web.servletapi.SecurityContextHolderAwareRequestFilter@1d39d660, org.springframework.security.web.authentication.AnonymousAuthenticationFilter@4dca87cb, org.springframework.security.web.session.SessionManagementFilter@5ea4d07f, org.springframework.security.web.access.ExceptionTranslationFilter@4892206a, org.springframework.security.web.access.intercept.FilterSecurityInterceptor@46287b6b]
2022-11-01 13:38:30.945  WARN 13712 --- [    Test worker] JpaBaseConfiguration$JpaWebConfiguration : spring.jpa.open-in-view is enabled by default. Therefore, database queries may be performed during view rendering. Explicitly configure spring.jpa.open-in-view to disable this warning
2022-11-01 13:38:31.648  INFO 13712 --- [    Test worker] o.s.b.t.m.w.SpringBootMockServletContext : Initializing Spring TestDispatcherServlet ''
2022-11-01 13:38:31.649  INFO 13712 --- [    Test worker] o.s.t.web.servlet.TestDispatcherServlet  : Initializing Servlet ''
2022-11-01 13:38:31.650  INFO 13712 --- [    Test worker] o.s.t.web.servlet.TestDispatcherServlet  : Completed initialization in 1 ms
2022-11-01 13:38:31.667  INFO 13712 --- [    Test worker] c.e.T.d.e.o.u.OrderControllerUnitTests   : Started OrderControllerUnitTests in 3.08 seconds (JVM running for 38.315)
---------->d77b8d59-0d62-4836-a834-05c57b349e75
55.0
]]></system-out>
  <system-err><![CDATA[]]></system-err>
</testsuite>
