<?xml version="1.0" encoding="UTF-8"?>
<testsuite name="com.example.TeaShop2.domain.entitys.country.integration.CountryIntegrationTests" tests="2" skipped="0" failures="0" errors="0" timestamp="2022-11-01T12:38:09" hostname="LAPTOP-1FULM01B" time="10.382">
  <properties/>
  <testcase name="retrieveById_requestByIdCountry_expectByIdCountryAsDTO()" classname="com.example.TeaShop2.domain.entitys.country.integration.CountryIntegrationTests" time="6.717"/>
  <testcase name="retrieveAll_requestAllCountrys_expectAllCountrysAsDTOS()" classname="com.example.TeaShop2.domain.entitys.country.integration.CountryIntegrationTests" time="3.662"/>
  <system-out><![CDATA[13:37:54.933 [Test worker] DEBUG org.springframework.test.context.BootstrapUtils - Instantiating CacheAwareContextLoaderDelegate from class [org.springframework.test.context.cache.DefaultCacheAwareContextLoaderDelegate]
13:37:54.955 [Test worker] DEBUG org.springframework.test.context.BootstrapUtils - Instantiating BootstrapContext using constructor [public org.springframework.test.context.support.DefaultBootstrapContext(java.lang.Class,org.springframework.test.context.CacheAwareContextLoaderDelegate)]
13:37:55.020 [Test worker] DEBUG org.springframework.test.context.BootstrapUtils - Instantiating TestContextBootstrapper for test class [com.example.TeaShop2.domain.entitys.country.integration.CountryIntegrationTests] from class [org.springframework.boot.test.context.SpringBootTestContextBootstrapper]
13:37:55.037 [Test worker] INFO org.springframework.boot.test.context.SpringBootTestContextBootstrapper - Neither @ContextConfiguration nor @ContextHierarchy found for test class [com.example.TeaShop2.domain.entitys.country.integration.CountryIntegrationTests], using SpringBootContextLoader
13:37:55.043 [Test worker] DEBUG org.springframework.test.context.support.AbstractContextLoader - Did not detect default resource location for test class [com.example.TeaShop2.domain.entitys.country.integration.CountryIntegrationTests]: class path resource [com/example/TeaShop2/domain/entitys/country/integration/CountryIntegrationTests-context.xml] does not exist
13:37:55.044 [Test worker] DEBUG org.springframework.test.context.support.AbstractContextLoader - Did not detect default resource location for test class [com.example.TeaShop2.domain.entitys.country.integration.CountryIntegrationTests]: class path resource [com/example/TeaShop2/domain/entitys/country/integration/CountryIntegrationTestsContext.groovy] does not exist
13:37:55.046 [Test worker] INFO org.springframework.test.context.support.AbstractContextLoader - Could not detect default resource locations for test class [com.example.TeaShop2.domain.entitys.country.integration.CountryIntegrationTests]: no resource found for suffixes {-context.xml, Context.groovy}.
13:37:55.047 [Test worker] INFO org.springframework.test.context.support.AnnotationConfigContextLoaderUtils - Could not detect default configuration classes for test class [com.example.TeaShop2.domain.entitys.country.integration.CountryIntegrationTests]: CountryIntegrationTests does not declare any static, non-private, non-final, nested classes annotated with @Configuration.
13:37:55.267 [Test worker] DEBUG org.springframework.context.annotation.ClassPathScanningCandidateComponentProvider - Identified candidate component class: file [C:\Users\41774\Desktop\TeaShop2.0\build\classes\java\main\com\example\TeaShop2\TeaShop2Application.class]
13:37:55.269 [Test worker] INFO org.springframework.boot.test.context.SpringBootTestContextBootstrapper - Found @SpringBootConfiguration com.example.TeaShop2.TeaShop2Application for test class com.example.TeaShop2.domain.entitys.country.integration.CountryIntegrationTests
13:37:55.393 [Test worker] DEBUG org.springframework.boot.test.context.SpringBootTestContextBootstrapper - @TestExecutionListeners is not present for class [com.example.TeaShop2.domain.entitys.country.integration.CountryIntegrationTests]: using defaults.
13:37:55.394 [Test worker] INFO org.springframework.boot.test.context.SpringBootTestContextBootstrapper - Loaded default TestExecutionListener class names from location [META-INF/spring.factories]: [org.springframework.security.test.context.support.WithSecurityContextTestExecutionListener, org.springframework.security.test.context.support.ReactorContextTestExecutionListener, org.springframework.boot.test.autoconfigure.restdocs.RestDocsTestExecutionListener, org.springframework.boot.test.autoconfigure.web.client.MockRestServiceServerResetTestExecutionListener, org.springframework.boot.test.autoconfigure.web.servlet.MockMvcPrintOnlyOnFailureTestExecutionListener, org.springframework.boot.test.autoconfigure.web.servlet.WebDriverTestExecutionListener, org.springframework.boot.test.autoconfigure.webservices.client.MockWebServiceServerTestExecutionListener, org.springframework.boot.test.mock.mockito.MockitoTestExecutionListener, org.springframework.boot.test.mock.mockito.ResetMocksTestExecutionListener, org.springframework.test.context.web.ServletTestExecutionListener, org.springframework.test.context.support.DirtiesContextBeforeModesTestExecutionListener, org.springframework.test.context.event.ApplicationEventsTestExecutionListener, org.springframework.test.context.support.DependencyInjectionTestExecutionListener, org.springframework.test.context.support.DirtiesContextTestExecutionListener, org.springframework.test.context.transaction.TransactionalTestExecutionListener, org.springframework.test.context.jdbc.SqlScriptsTestExecutionListener, org.springframework.test.context.event.EventPublishingTestExecutionListener]
13:37:55.415 [Test worker] INFO org.springframework.boot.test.context.SpringBootTestContextBootstrapper - Using TestExecutionListeners: [org.springframework.test.context.web.ServletTestExecutionListener@61edc883, org.springframework.test.context.support.DirtiesContextBeforeModesTestExecutionListener@758f4f03, org.springframework.test.context.event.ApplicationEventsTestExecutionListener@182f1e9a, org.springframework.boot.test.mock.mockito.MockitoTestExecutionListener@6928f576, org.springframework.boot.test.autoconfigure.SpringBootDependencyInjectionTestExecutionListener@660e9100, org.springframework.test.context.support.DirtiesContextTestExecutionListener@69f63d95, org.springframework.test.context.transaction.TransactionalTestExecutionListener@9cd25ff, org.springframework.test.context.jdbc.SqlScriptsTestExecutionListener@27e0f2f5, org.springframework.security.test.context.support.WithSecurityContextTestExecutionListener@3574e198, org.springframework.test.context.event.EventPublishingTestExecutionListener@6db66836, org.springframework.security.test.context.support.ReactorContextTestExecutionListener@db44aa2, org.springframework.boot.test.autoconfigure.restdocs.RestDocsTestExecutionListener@2de366bb, org.springframework.boot.test.autoconfigure.web.client.MockRestServiceServerResetTestExecutionListener@3f093abe, org.springframework.boot.test.autoconfigure.web.servlet.MockMvcPrintOnlyOnFailureTestExecutionListener@61a002b1, org.springframework.boot.test.autoconfigure.web.servlet.WebDriverTestExecutionListener@4eeea57d, org.springframework.boot.test.autoconfigure.webservices.client.MockWebServiceServerTestExecutionListener@780ec4a5, org.springframework.boot.test.mock.mockito.ResetMocksTestExecutionListener@e24ddd0]
13:37:55.419 [Test worker] DEBUG org.springframework.test.context.support.AbstractDirtiesContextTestExecutionListener - Before test class: context [DefaultTestContext@64f857e7 testClass = CountryIntegrationTests, testInstance = [null], testMethod = [null], testException = [null], mergedContextConfiguration = [WebMergedContextConfiguration@1095f122 testClass = CountryIntegrationTests, locations = '{}', classes = '{class com.example.TeaShop2.TeaShop2Application}', contextInitializerClasses = '[]', activeProfiles = '{test}', propertySourceLocations = '{}', propertySourceProperties = '{org.springframework.boot.test.context.SpringBootTestContextBootstrapper=true}', contextCustomizers = set[org.springframework.boot.test.autoconfigure.actuate.metrics.MetricsExportContextCustomizerFactory$DisableMetricExportContextCustomizer@3b00856b, org.springframework.boot.test.autoconfigure.properties.PropertyMappingContextCustomizer@4b3fa0b3, org.springframework.boot.test.autoconfigure.web.servlet.WebDriverContextCustomizerFactory$Customizer@2002348, [ImportsContextCustomizer@58c540cf key = [org.springframework.boot.test.autoconfigure.web.servlet.MockMvcAutoConfiguration, org.springframework.boot.test.autoconfigure.web.servlet.MockMvcWebClientAutoConfiguration, org.springframework.boot.test.autoconfigure.web.servlet.MockMvcWebDriverAutoConfiguration, org.springframework.boot.autoconfigure.security.oauth2.client.servlet.OAuth2ClientAutoConfiguration, org.springframework.boot.autoconfigure.security.oauth2.resource.servlet.OAuth2ResourceServerAutoConfiguration, org.springframework.boot.autoconfigure.security.servlet.SecurityAutoConfiguration, org.springframework.boot.autoconfigure.security.servlet.SecurityFilterAutoConfiguration, org.springframework.boot.autoconfigure.security.servlet.UserDetailsServiceAutoConfiguration, org.springframework.boot.test.autoconfigure.web.servlet.MockMvcSecurityConfiguration, org.springframework.boot.test.autoconfigure.web.reactive.WebTestClientAutoConfiguration]], org.springframework.boot.test.context.filter.ExcludeFilterContextCustomizer@56e8b606, org.springframework.boot.test.json.DuplicateJsonObjectContextCustomizerFactory$DuplicateJsonObjectContextCustomizer@7966baa7, org.springframework.boot.test.mock.mockito.MockitoContextCustomizer@0, org.springframework.boot.test.web.client.TestRestTemplateContextCustomizer@7f6f61c8, org.springframework.boot.test.context.SpringBootTestArgs@1, org.springframework.boot.test.context.SpringBootTestWebEnvironment@6283d8b8], resourceBasePath = 'src/main/webapp', contextLoader = 'org.springframework.boot.test.context.SpringBootContextLoader', parent = [null]], attributes = map['org.springframework.test.context.web.ServletTestExecutionListener.activateListener' -> true]], class annotated with @DirtiesContext [true] with mode [BEFORE_EACH_TEST_METHOD].

  .   ____          _            __ _ _
 /\\ / ___'_ __ _ _(_)_ __  __ _ \ \ \ \
( ( )\___ | '_ | '_| | '_ \/ _` | \ \ \ \
 \\/  ___)| |_)| | | | | || (_| |  ) ) ) )
  '  |____| .__|_| |_|_| |_\__, | / / / /
 =========|_|==============|___/=/_/_/_/
 :: Spring Boot ::                (v2.7.2)

2022-11-01 13:37:55.958  INFO 13712 --- [    Test worker] c.e.T.d.e.c.i.CountryIntegrationTests    : Starting CountryIntegrationTests using Java 18.0.2 on LAPTOP-1FULM01B with PID 13712 (started by 41774 in C:\Users\41774\Desktop\TeaShop2.0)
2022-11-01 13:37:55.959  INFO 13712 --- [    Test worker] c.e.T.d.e.c.i.CountryIntegrationTests    : The following 1 profile is active: "test"
2022-11-01 13:37:57.077  INFO 13712 --- [    Test worker] .s.d.r.c.RepositoryConfigurationDelegate : Bootstrapping Spring Data JPA repositories in DEFAULT mode.
2022-11-01 13:37:57.265  INFO 13712 --- [    Test worker] .s.d.r.c.RepositoryConfigurationDelegate : Finished Spring Data repository scanning in 171 ms. Found 10 JPA repository interfaces.
2022-11-01 13:37:58.046  INFO 13712 --- [    Test worker] o.hibernate.jpa.internal.util.LogHelper  : HHH000204: Processing PersistenceUnitInfo [name: default]
2022-11-01 13:37:58.118  INFO 13712 --- [    Test worker] org.hibernate.Version                    : HHH000412: Hibernate ORM core version 5.6.10.Final
2022-11-01 13:37:58.372  INFO 13712 --- [    Test worker] o.hibernate.annotations.common.Version   : HCANN000001: Hibernate Commons Annotations {5.1.2.Final}
2022-11-01 13:37:58.561  INFO 13712 --- [    Test worker] com.zaxxer.hikari.HikariDataSource       : HikariPool-1 - Starting...
2022-11-01 13:37:58.931  INFO 13712 --- [    Test worker] com.zaxxer.hikari.HikariDataSource       : HikariPool-1 - Start completed.
2022-11-01 13:37:58.956  INFO 13712 --- [    Test worker] org.hibernate.dialect.Dialect            : HHH000400: Using dialect: org.hibernate.dialect.H2Dialect
2022-11-01 13:38:00.240  INFO 13712 --- [    Test worker] o.h.e.t.j.p.i.JtaPlatformInitiator       : HHH000490: Using JtaPlatform implementation: [org.hibernate.engine.transaction.jta.platform.internal.NoJtaPlatform]
2022-11-01 13:38:00.259  INFO 13712 --- [    Test worker] j.LocalContainerEntityManagerFactoryBean : Initialized JPA EntityManagerFactory for persistence unit 'default'
2022-11-01 13:38:03.832  INFO 13712 --- [    Test worker] o.s.s.web.DefaultSecurityFilterChain     : Will secure any request with [org.springframework.security.web.session.DisableEncodeUrlFilter@57df93c1, org.springframework.security.web.context.request.async.WebAsyncManagerIntegrationFilter@72998021, org.springframework.security.web.context.SecurityContextPersistenceFilter@71c91121, org.springframework.security.web.header.HeaderWriterFilter@2ecd2aa4, org.springframework.web.filter.CorsFilter@761a0bbd, org.springframework.security.web.authentication.logout.LogoutFilter@5519ef7d, com.example.TeaShop2.core.security.CustomAuthenticationFilter@7a6e0f3c, com.example.TeaShop2.core.security.CustomAuthorizationFilter@5184da2b, org.springframework.security.web.savedrequest.RequestCacheAwareFilter@5bc1903, org.springframework.security.web.servletapi.SecurityContextHolderAwareRequestFilter@3cc5408c, org.springframework.security.web.authentication.AnonymousAuthenticationFilter@6fa2d0b2, org.springframework.security.web.session.SessionManagementFilter@198524ec, org.springframework.security.web.access.ExceptionTranslationFilter@2d1f9ec3, org.springframework.security.web.access.intercept.FilterSecurityInterceptor@2f7d8a7c]
2022-11-01 13:38:05.321  WARN 13712 --- [    Test worker] JpaBaseConfiguration$JpaWebConfiguration : spring.jpa.open-in-view is enabled by default. Therefore, database queries may be performed during view rendering. Explicitly configure spring.jpa.open-in-view to disable this warning
2022-11-01 13:38:08.924  INFO 13712 --- [    Test worker] o.s.b.t.m.w.SpringBootMockServletContext : Initializing Spring TestDispatcherServlet ''
2022-11-01 13:38:08.925  INFO 13712 --- [    Test worker] o.s.t.web.servlet.TestDispatcherServlet  : Initializing Servlet ''
2022-11-01 13:38:08.931  INFO 13712 --- [    Test worker] o.s.t.web.servlet.TestDispatcherServlet  : Completed initialization in 4 ms
2022-11-01 13:38:09.074  INFO 13712 --- [    Test worker] c.e.T.d.e.c.i.CountryIntegrationTests    : Started CountryIntegrationTests in 13.609 seconds (JVM running for 15.722)
2022-11-01 13:38:09.216  INFO 13712 --- [    Test worker] j.LocalContainerEntityManagerFactoryBean : Closing JPA EntityManagerFactory for persistence unit 'default'
2022-11-01 13:38:09.224  INFO 13712 --- [    Test worker] com.zaxxer.hikari.HikariDataSource       : HikariPool-1 - Shutdown initiated...
2022-11-01 13:38:09.230  INFO 13712 --- [    Test worker] com.zaxxer.hikari.HikariDataSource       : HikariPool-1 - Shutdown completed.

  .   ____          _            __ _ _
 /\\ / ___'_ __ _ _(_)_ __  __ _ \ \ \ \
( ( )\___ | '_ | '_| | '_ \/ _` | \ \ \ \
 \\/  ___)| |_)| | | | | || (_| |  ) ) ) )
  '  |____| .__|_| |_|_| |_\__, | / / / /
 =========|_|==============|___/=/_/_/_/
 :: Spring Boot ::                (v2.7.2)

2022-11-01 13:38:09.365  INFO 13712 --- [    Test worker] c.e.T.d.e.c.i.CountryIntegrationTests    : Starting CountryIntegrationTests using Java 18.0.2 on LAPTOP-1FULM01B with PID 13712 (started by 41774 in C:\Users\41774\Desktop\TeaShop2.0)
2022-11-01 13:38:09.366  INFO 13712 --- [    Test worker] c.e.T.d.e.c.i.CountryIntegrationTests    : The following 1 profile is active: "test"
2022-11-01 13:38:10.379  INFO 13712 --- [    Test worker] .s.d.r.c.RepositoryConfigurationDelegate : Bootstrapping Spring Data JPA repositories in DEFAULT mode.
2022-11-01 13:38:10.667  INFO 13712 --- [    Test worker] .s.d.r.c.RepositoryConfigurationDelegate : Finished Spring Data repository scanning in 285 ms. Found 10 JPA repository interfaces.
2022-11-01 13:38:11.305  INFO 13712 --- [    Test worker] o.hibernate.jpa.internal.util.LogHelper  : HHH000204: Processing PersistenceUnitInfo [name: default]
2022-11-01 13:38:11.327  INFO 13712 --- [    Test worker] com.zaxxer.hikari.HikariDataSource       : HikariPool-2 - Starting...
2022-11-01 13:38:11.334  INFO 13712 --- [    Test worker] com.zaxxer.hikari.HikariDataSource       : HikariPool-2 - Start completed.
2022-11-01 13:38:11.336  INFO 13712 --- [    Test worker] org.hibernate.dialect.Dialect            : HHH000400: Using dialect: org.hibernate.dialect.H2Dialect
2022-11-01 13:38:11.921  INFO 13712 --- [    Test worker] o.h.e.t.j.p.i.JtaPlatformInitiator       : HHH000490: Using JtaPlatform implementation: [org.hibernate.engine.transaction.jta.platform.internal.NoJtaPlatform]
2022-11-01 13:38:11.922  INFO 13712 --- [    Test worker] j.LocalContainerEntityManagerFactoryBean : Initialized JPA EntityManagerFactory for persistence unit 'default'
2022-11-01 13:38:13.071  INFO 13712 --- [    Test worker] o.s.s.web.DefaultSecurityFilterChain     : Will secure any request with [org.springframework.security.web.session.DisableEncodeUrlFilter@c42ee90, org.springframework.security.web.context.request.async.WebAsyncManagerIntegrationFilter@70c2a046, org.springframework.security.web.context.SecurityContextPersistenceFilter@2c8469fe, org.springframework.security.web.header.HeaderWriterFilter@8616368, org.springframework.web.filter.CorsFilter@3803bc1a, org.springframework.security.web.authentication.logout.LogoutFilter@6d2413e, com.example.TeaShop2.core.security.CustomAuthenticationFilter@22858c21, com.example.TeaShop2.core.security.CustomAuthorizationFilter@39a8c08f, org.springframework.security.web.savedrequest.RequestCacheAwareFilter@78626209, org.springframework.security.web.servletapi.SecurityContextHolderAwareRequestFilter@7b9b244e, org.springframework.security.web.authentication.AnonymousAuthenticationFilter@5c0d876c, org.springframework.security.web.session.SessionManagementFilter@c4fc610, org.springframework.security.web.access.ExceptionTranslationFilter@7314f4cb, org.springframework.security.web.access.intercept.FilterSecurityInterceptor@1f40bb80]
2022-11-01 13:38:13.380  WARN 13712 --- [    Test worker] JpaBaseConfiguration$JpaWebConfiguration : spring.jpa.open-in-view is enabled by default. Therefore, database queries may be performed during view rendering. Explicitly configure spring.jpa.open-in-view to disable this warning
2022-11-01 13:38:14.480  INFO 13712 --- [    Test worker] o.s.b.t.m.w.SpringBootMockServletContext : Initializing Spring TestDispatcherServlet ''
2022-11-01 13:38:14.480  INFO 13712 --- [    Test worker] o.s.t.web.servlet.TestDispatcherServlet  : Initializing Servlet ''
2022-11-01 13:38:14.483  INFO 13712 --- [    Test worker] o.s.t.web.servlet.TestDispatcherServlet  : Completed initialization in 2 ms
2022-11-01 13:38:14.516  INFO 13712 --- [    Test worker] c.e.T.d.e.c.i.CountryIntegrationTests    : Started CountryIntegrationTests in 5.276 seconds (JVM running for 21.164)
2022-11-01 13:38:15.906  INFO 13712 --- [    Test worker] j.LocalContainerEntityManagerFactoryBean : Closing JPA EntityManagerFactory for persistence unit 'default'
2022-11-01 13:38:15.908  INFO 13712 --- [    Test worker] com.zaxxer.hikari.HikariDataSource       : HikariPool-2 - Shutdown initiated...
2022-11-01 13:38:15.910  INFO 13712 --- [    Test worker] com.zaxxer.hikari.HikariDataSource       : HikariPool-2 - Shutdown completed.

  .   ____          _            __ _ _
 /\\ / ___'_ __ _ _(_)_ __  __ _ \ \ \ \
( ( )\___ | '_ | '_| | '_ \/ _` | \ \ \ \
 \\/  ___)| |_)| | | | | || (_| |  ) ) ) )
  '  |____| .__|_| |_|_| |_\__, | / / / /
 =========|_|==============|___/=/_/_/_/
 :: Spring Boot ::                (v2.7.2)

2022-11-01 13:38:15.976  INFO 13712 --- [    Test worker] c.e.T.d.e.c.i.CountryIntegrationTests    : Starting CountryIntegrationTests using Java 18.0.2 on LAPTOP-1FULM01B with PID 13712 (started by 41774 in C:\Users\41774\Desktop\TeaShop2.0)
2022-11-01 13:38:15.976  INFO 13712 --- [    Test worker] c.e.T.d.e.c.i.CountryIntegrationTests    : The following 1 profile is active: "test"
2022-11-01 13:38:16.428  INFO 13712 --- [    Test worker] .s.d.r.c.RepositoryConfigurationDelegate : Bootstrapping Spring Data JPA repositories in DEFAULT mode.
2022-11-01 13:38:16.561  INFO 13712 --- [    Test worker] .s.d.r.c.RepositoryConfigurationDelegate : Finished Spring Data repository scanning in 132 ms. Found 10 JPA repository interfaces.
2022-11-01 13:38:16.993  INFO 13712 --- [    Test worker] o.hibernate.jpa.internal.util.LogHelper  : HHH000204: Processing PersistenceUnitInfo [name: default]
2022-11-01 13:38:17.020  INFO 13712 --- [    Test worker] com.zaxxer.hikari.HikariDataSource       : HikariPool-3 - Starting...
2022-11-01 13:38:17.027  INFO 13712 --- [    Test worker] com.zaxxer.hikari.HikariDataSource       : HikariPool-3 - Start completed.
2022-11-01 13:38:17.028  INFO 13712 --- [    Test worker] org.hibernate.dialect.Dialect            : HHH000400: Using dialect: org.hibernate.dialect.H2Dialect
2022-11-01 13:38:17.561  INFO 13712 --- [    Test worker] o.h.e.t.j.p.i.JtaPlatformInitiator       : HHH000490: Using JtaPlatform implementation: [org.hibernate.engine.transaction.jta.platform.internal.NoJtaPlatform]
2022-11-01 13:38:17.562  INFO 13712 --- [    Test worker] j.LocalContainerEntityManagerFactoryBean : Initialized JPA EntityManagerFactory for persistence unit 'default'
2022-11-01 13:38:18.167  INFO 13712 --- [    Test worker] o.s.s.web.DefaultSecurityFilterChain     : Will secure any request with [org.springframework.security.web.session.DisableEncodeUrlFilter@7244d87, org.springframework.security.web.context.request.async.WebAsyncManagerIntegrationFilter@210c4071, org.springframework.security.web.context.SecurityContextPersistenceFilter@6b5dc4bb, org.springframework.security.web.header.HeaderWriterFilter@33822750, org.springframework.web.filter.CorsFilter@627b5e5b, org.springframework.security.web.authentication.logout.LogoutFilter@eba64a9, com.example.TeaShop2.core.security.CustomAuthenticationFilter@211ffbd0, com.example.TeaShop2.core.security.CustomAuthorizationFilter@472d201, org.springframework.security.web.savedrequest.RequestCacheAwareFilter@46b376bb, org.springframework.security.web.servletapi.SecurityContextHolderAwareRequestFilter@64a9719a, org.springframework.security.web.authentication.AnonymousAuthenticationFilter@473e0536, org.springframework.security.web.session.SessionManagementFilter@25e95d04, org.springframework.security.web.access.ExceptionTranslationFilter@37635407, org.springframework.security.web.access.intercept.FilterSecurityInterceptor@69554e5a]
2022-11-01 13:38:18.415  WARN 13712 --- [    Test worker] JpaBaseConfiguration$JpaWebConfiguration : spring.jpa.open-in-view is enabled by default. Therefore, database queries may be performed during view rendering. Explicitly configure spring.jpa.open-in-view to disable this warning
2022-11-01 13:38:19.189  INFO 13712 --- [    Test worker] o.s.b.t.m.w.SpringBootMockServletContext : Initializing Spring TestDispatcherServlet ''
2022-11-01 13:38:19.189  INFO 13712 --- [    Test worker] o.s.t.web.servlet.TestDispatcherServlet  : Initializing Servlet ''
2022-11-01 13:38:19.190  INFO 13712 --- [    Test worker] o.s.t.web.servlet.TestDispatcherServlet  : Completed initialization in 1 ms
2022-11-01 13:38:19.222  INFO 13712 --- [    Test worker] c.e.T.d.e.c.i.CountryIntegrationTests    : Started CountryIntegrationTests in 3.308 seconds (JVM running for 25.871)
]]></system-out>
  <system-err><![CDATA[]]></system-err>
</testsuite>
